<?xml version="1.0" encoding="UTF-8"?>
<!-- Generated by org.testng.reporters.JUnitReportReporter -->
<testsuite hostname="Gajanan-PC" name="com.scp.CrudOperationUsingHibernate.DataProvider1" tests="4" failures="0" timestamp="20 Jul 2018 06:24:32 GMT" time="3.060" errors="0">
  <testcase name="authanticate" time="0.171" classname="com.scp.CrudOperationUsingHibernate.DataProvider1"/>
  <testcase name="authanticate" time="2.562" classname="com.scp.CrudOperationUsingHibernate.DataProvider1"/>
  <testcase name="authanticate" time="0.171" classname="com.scp.CrudOperationUsingHibernate.DataProvider1"/>
  <testcase name="authanticate" time="0.156" classname="com.scp.CrudOperationUsingHibernate.DataProvider1"/>
</testsuite> <!-- com.scp.CrudOperationUsingHibernate.DataProvider1 -->
