<?xml version="1.0" encoding="UTF-8"?>
<!-- Generated by org.testng.reporters.JUnitReportReporter -->
<testsuite hostname="Gajanan-PC" name="com.scp.CrudOperationUsingHibernate.DataProvider1" tests="4" failures="0" timestamp="14 Jul 2018 14:21:49 GMT" time="2.998" errors="0">
  <testcase name="authanticate" time="0.140" classname="com.scp.CrudOperationUsingHibernate.DataProvider1"/>
  <testcase name="authanticate" time="0.156" classname="com.scp.CrudOperationUsingHibernate.DataProvider1"/>
  <testcase name="authanticate" time="0.172" classname="com.scp.CrudOperationUsingHibernate.DataProvider1"/>
  <testcase name="authanticate" time="2.530" classname="com.scp.CrudOperationUsingHibernate.DataProvider1"/>
</testsuite> <!-- com.scp.CrudOperationUsingHibernate.DataProvider1 -->
